This is pdfTeX, Version 3.14159265-2.6-1.40.15 (TeX Live 2015/dev/Debian) (preloaded format=pdflatex 2014.11.11)  20 NOV 2014 15:00
entering extended mode
 restricted \write18 enabled.
 %&-line parsing enabled.
**title_page_1.tex
(./title_page_1.tex
LaTeX2e <2014/05/01>
Babel <3.9l> and hyphenation patterns for 79 languages loaded.

! LaTeX Error: Environment titlepage undefined.

See the LaTeX manual or LaTeX Companion for explanation.
Type  H <return>  for immediate help.
 ...                                              
                                                  
l.1 \begin{titlepage}
                     
Your command was ignored.
Type  I <command> <return>  to replace it with another command,
or  <return>  to continue without it.

! Undefined control sequence.
l.3 \newgeometry
                {top=5cm, left=5cm, right=5cm}
The control sequence at the end of the top line
of your error message was never \def'ed. If you have
misspelled it (e.g., `\hobx'), type `I' and the correct
spelling (e.g., `I\hbox'). Otherwise just continue,
and I'll forget about whatever was undefined.


! LaTeX Error: Missing \begin{document}.

See the LaTeX manual or LaTeX Companion for explanation.
Type  H <return>  for immediate help.
 ...                                              
                                                  
l.3 \newgeometry{t
                  op=5cm, left=5cm, right=5cm}
You're in trouble here.  Try typing  <return>  to proceed.
If that doesn't work, type  X <return>  to quit.

Missing character: There is no t in font nullfont!
Missing character: There is no o in font nullfont!
Missing character: There is no p in font nullfont!
Missing character: There is no = in font nullfont!
Missing character: There is no 5 in font nullfont!
Missing character: There is no c in font nullfont!
Missing character: There is no m in font nullfont!
Missing character: There is no , in font nullfont!
Missing character: There is no l in font nullfont!
Missing character: There is no e in font nullfont!
Missing character: There is no f in font nullfont!
Missing character: There is no t in font nullfont!
Missing character: There is no = in font nullfont!
Missing character: There is no 5 in font nullfont!
Missing character: There is no c in font nullfont!
Missing character: There is no m in font nullfont!
Missing character: There is no , in font nullfont!
Missing character: There is no r in font nullfont!
Missing character: There is no i in font nullfont!
Missing character: There is no g in font nullfont!
Missing character: There is no h in font nullfont!
Missing character: There is no t in font nullfont!
Missing character: There is no = in font nullfont!
Missing character: There is no 5 in font nullfont!
Missing character: There is no c in font nullfont!
Missing character: There is no m in font nullfont!

Overfull \hbox (20.0pt too wide) in paragraph at lines 3--4
[]
 []


! LaTeX Error: Missing \begin{document}.

See the LaTeX manual or LaTeX Companion for explanation.
Type  H <return>  for immediate help.
 ...                                              
                                                  
l.7 \center
            % Center everything on the page
You're in trouble here.  Try typing  <return>  to proceed.
If that doesn't work, type  X <return>  to quit.


Overfull \hbox (20.0pt too wide) in paragraph at lines 7--7
[] 
 []

! Undefined control sequence.
<recently read> \LARGE 
                       
l.13 ...—Ä—Å—Ç–≤–µ–Ω–Ω—ã–π —É–Ω–∏–≤–µ—Ä—Å–∏—Ç–µ—Ç}
                                                  \\[1.5cm] % Name of your u...
The control sequence at the end of the top line
of your error message was never \def'ed. If you have
misspelled it (e.g., `\hobx'), type `I' and the correct
spelling (e.g., `I\hbox'). Otherwise just continue,
and I'll forget about whatever was undefined.

Missing character: There is no – in font cmcsc10!
Missing character: There is no ú in font cmcsc10!
Missing character: There is no – in font cmcsc10!
Missing character: There is no æ in font cmcsc10!
Missing character: There is no — in font cmcsc10!
Missing character: There is no Å in font cmcsc10!
Missing character: There is no – in font cmcsc10!
Missing character: There is no ∫ in font cmcsc10!
Missing character: There is no – in font cmcsc10!
Missing character: There is no æ in font cmcsc10!
Missing character: There is no – in font cmcsc10!
Missing character: There is no ≤ in font cmcsc10!
Missing character: There is no — in font cmcsc10!
Missing character: There is no Å in font cmcsc10!
Missing character: There is no – in font cmcsc10!
Missing character: There is no ∫ in font cmcsc10!
Missing character: There is no – in font cmcsc10!
Missing character: There is no ∏ in font cmcsc10!
Missing character: There is no – in font cmcsc10!
Missing character: There is no π in font cmcsc10!
Missing character: There is no – in font cmcsc10!
Missing character: There is no ≥ in font cmcsc10!
Missing character: There is no – in font cmcsc10!
Missing character: There is no æ in font cmcsc10!
Missing character: There is no — in font cmcsc10!
Missing character: There is no Å in font cmcsc10!
Missing character: There is no — in font cmcsc10!
Missing character: There is no É in font cmcsc10!
Missing character: There is no – in font cmcsc10!
Missing character: There is no ¥ in font cmcsc10!
Missing character: There is no – in font cmcsc10!
Missing character: There is no ∞ in font cmcsc10!
Missing character: There is no — in font cmcsc10!
Missing character: There is no Ä in font cmcsc10!
Missing character: There is no — in font cmcsc10!
Missing character: There is no Å in font cmcsc10!
Missing character: There is no — in font cmcsc10!
Missing character: There is no Ç in font cmcsc10!
Missing character: There is no – in font cmcsc10!
Missing character: There is no ≤ in font cmcsc10!
Missing character: There is no – in font cmcsc10!
Missing character: There is no µ in font cmcsc10!
Missing character: There is no – in font cmcsc10!
Missing character: There is no Ω in font cmcsc10!
Missing character: There is no – in font cmcsc10!
Missing character: There is no Ω in font cmcsc10!
Missing character: There is no — in font cmcsc10!
Missing character: There is no ã in font cmcsc10!
Missing character: There is no – in font cmcsc10!
Missing character: There is no π in font cmcsc10!
Missing character: There is no — in font cmcsc10!
Missing character: There is no É in font cmcsc10!
Missing character: There is no – in font cmcsc10!
Missing character: There is no Ω in font cmcsc10!
Missing character: There is no – in font cmcsc10!
Missing character: There is no ∏ in font cmcsc10!
Missing character: There is no – in font cmcsc10!
Missing character: There is no ≤ in font cmcsc10!
Missing character: There is no – in font cmcsc10!
Missing character: There is no µ in font cmcsc10!
Missing character: There is no — in font cmcsc10!
Missing character: There is no Ä in font cmcsc10!
Missing character: There is no — in font cmcsc10!
Missing character: There is no Å in font cmcsc10!
Missing character: There is no – in font cmcsc10!
Missing character: There is no ∏ in font cmcsc10!
Missing character: There is no — in font cmcsc10!
Missing character: There is no Ç in font cmcsc10!
Missing character: There is no – in font cmcsc10!
Missing character: There is no µ in font cmcsc10!
Missing character: There is no — in font cmcsc10!
Missing character: There is no Ç in font cmcsc10!
! Undefined control sequence.
<recently read> \Large 
                       
l.14 ...Ç–µ–º–∞—Ç–∏–∫–∏ –∏ –∫–∏–±–µ—Ä–Ω–µ—Ç–∏–∫–∏}
                                                  \\[0.5cm] % Major heading ...
The control sequence at the end of the top line
of your error message was never \def'ed. If you have
misspelled it (e.g., `\hobx'), type `I' and the correct
spelling (e.g., `I\hbox'). Otherwise just continue,
and I'll forget about whatever was undefined.

Missing character: There is no – in font cmcsc10!
Missing character: There is no § in font cmcsc10!
Missing character: There is no – in font cmcsc10!
Missing character: There is no ∞ in font cmcsc10!
Missing character: There is no – in font cmcsc10!
Missing character: There is no ∫ in font cmcsc10!
Missing character: There is no — in font cmcsc10!
Missing character: There is no É in font cmcsc10!
Missing character: There is no – in font cmcsc10!
Missing character: There is no ª in font cmcsc10!
Missing character: There is no — in font cmcsc10!
Missing character: There is no å in font cmcsc10!
Missing character: There is no — in font cmcsc10!
Missing character: There is no Ç in font cmcsc10!
Missing character: There is no – in font cmcsc10!
Missing character: There is no µ in font cmcsc10!
Missing character: There is no — in font cmcsc10!
Missing character: There is no Ç in font cmcsc10!
Missing character: There is no – in font cmcsc10!
Missing character: There is no ≤ in font cmcsc10!
Missing character: There is no — in font cmcsc10!
Missing character: There is no ã in font cmcsc10!
Missing character: There is no — in font cmcsc10!
Missing character: There is no á in font cmcsc10!
Missing character: There is no – in font cmcsc10!
Missing character: There is no ∏ in font cmcsc10!
Missing character: There is no — in font cmcsc10!
Missing character: There is no Å in font cmcsc10!
Missing character: There is no – in font cmcsc10!
Missing character: There is no ª in font cmcsc10!
Missing character: There is no – in font cmcsc10!
Missing character: There is no ∏ in font cmcsc10!
Missing character: There is no — in font cmcsc10!
Missing character: There is no Ç in font cmcsc10!
Missing character: There is no – in font cmcsc10!
Missing character: There is no µ in font cmcsc10!
Missing character: There is no – in font cmcsc10!
Missing character: There is no ª in font cmcsc10!
Missing character: There is no — in font cmcsc10!
Missing character: There is no å in font cmcsc10!
Missing character: There is no – in font cmcsc10!
Missing character: There is no Ω in font cmcsc10!
Missing character: There is no – in font cmcsc10!
Missing character: There is no æ in font cmcsc10!
Missing character: There is no – in font cmcsc10!
Missing character: There is no π in font cmcsc10!
Missing character: There is no – in font cmcsc10!
Missing character: There is no º in font cmcsc10!
Missing character: There is no – in font cmcsc10!
Missing character: There is no ∞ in font cmcsc10!
Missing character: There is no — in font cmcsc10!
Missing character: There is no Ç in font cmcsc10!
Missing character: There is no – in font cmcsc10!
Missing character: There is no µ in font cmcsc10!
Missing character: There is no – in font cmcsc10!
Missing character: There is no º in font cmcsc10!
Missing character: There is no – in font cmcsc10!
Missing character: There is no ∞ in font cmcsc10!
Missing character: There is no — in font cmcsc10!
Missing character: There is no Ç in font cmcsc10!
Missing character: There is no – in font cmcsc10!
Missing character: There is no ∏ in font cmcsc10!
Missing character: There is no – in font cmcsc10!
Missing character: There is no ∫ in font cmcsc10!
Missing character: There is no – in font cmcsc10!
Missing character: There is no ∏ in font cmcsc10!
Missing character: There is no – in font cmcsc10!
Missing character: There is no ∏ in font cmcsc10!
Missing character: There is no – in font cmcsc10!
Missing character: There is no ∫ in font cmcsc10!
Missing character: There is no – in font cmcsc10!
Missing character: There is no ∏ in font cmcsc10!
Missing character: There is no – in font cmcsc10!
Missing character: There is no ± in font cmcsc10!
Missing character: There is no – in font cmcsc10!
Missing character: There is no µ in font cmcsc10!
Missing character: There is no — in font cmcsc10!
Missing character: There is no Ä in font cmcsc10!
Missing character: There is no – in font cmcsc10!
Missing character: There is no Ω in font cmcsc10!
Missing character: There is no – in font cmcsc10!
Missing character: There is no µ in font cmcsc10!
Missing character: There is no — in font cmcsc10!
Missing character: There is no Ç in font cmcsc10!
Missing character: There is no – in font cmcsc10!
Missing character: There is no ∏ in font cmcsc10!
Missing character: There is no – in font cmcsc10!
Missing character: There is no ∫ in font cmcsc10!
Missing character: There is no – in font cmcsc10!
Missing character: There is no ∏ in font cmcsc10!
! Undefined control sequence.
l.20 \HRule
            \\[0.4cm]
The control sequence at the end of the top line
of your error message was never \def'ed. If you have
misspelled it (e.g., `\hobx'), type `I' and the correct
spelling (e.g., `I\hbox'). Otherwise just continue,
and I'll forget about whatever was undefined.


! LaTeX Error: There's no line here to end.

See the LaTeX manual or LaTeX Companion for explanation.
Type  H <return>  for immediate help.
 ...                                              
                                                  
l.20 \HRule \\
              [0.4cm]
Your command was ignored.
Type  I <command> <return>  to replace it with another command,
or  <return>  to continue without it.

! Undefined control sequence.
l.21 { \huge
             \bfseries –û—Ç—á—ë—Ç –ø–æ –∑–∞–¥–∞–Ω–∏—é 7}\\[0.4cm] % Title of...
The control sequence at the end of the top line
of your error message was never \def'ed. If you have
misspelled it (e.g., `\hobx'), type `I' and the correct
spelling (e.g., `I\hbox'). Otherwise just continue,
and I'll forget about whatever was undefined.

Missing character: There is no – in font cmbx10!
Missing character: There is no û in font cmbx10!
Missing character: There is no — in font cmbx10!
Missing character: There is no Ç in font cmbx10!
Missing character: There is no — in font cmbx10!
Missing character: There is no á in font cmbx10!
Missing character: There is no — in font cmbx10!
Missing character: There is no ë in font cmbx10!
Missing character: There is no — in font cmbx10!
Missing character: There is no Ç in font cmbx10!
Missing character: There is no – in font cmbx10!
Missing character: There is no ø in font cmbx10!
Missing character: There is no – in font cmbx10!
Missing character: There is no æ in font cmbx10!
Missing character: There is no – in font cmbx10!
Missing character: There is no ∑ in font cmbx10!
Missing character: There is no – in font cmbx10!
Missing character: There is no ∞ in font cmbx10!
Missing character: There is no – in font cmbx10!
Missing character: There is no ¥ in font cmbx10!
Missing character: There is no – in font cmbx10!
Missing character: There is no ∞ in font cmbx10!
Missing character: There is no – in font cmbx10!
Missing character: There is no Ω in font cmbx10!
Missing character: There is no – in font cmbx10!
Missing character: There is no ∏ in font cmbx10!
Missing character: There is no — in font cmbx10!
Missing character: There is no é in font cmbx10!

Overfull \hbox (5.74997pt too wide) in paragraph at lines 21--21
 \OT1/cmr/bx/n/10 7 
 []

! Undefined control sequence.
l.22 \HRule
            \\[1.5cm]
The control sequence at the end of the top line
of your error message was never \def'ed. If you have
misspelled it (e.g., `\hobx'), type `I' and the correct
spelling (e.g., `I\hbox'). Otherwise just continue,
and I'll forget about whatever was undefined.


! LaTeX Error: There's no line here to end.

See the LaTeX manual or LaTeX Companion for explanation.
Type  H <return>  for immediate help.
 ...                                              
                                                  
l.22 \HRule \\
              [1.5cm]
Your command was ignored.
Type  I <command> <return>  to replace it with another command,
or  <return>  to continue without it.

! Undefined control sequence.
l.29 \begin{flushleft} \large
                             
The control sequence at the end of the top line
of your error message was never \def'ed. If you have
misspelled it (e.g., `\hobx'), type `I' and the correct
spelling (e.g., `I\hbox'). Otherwise just continue,
and I'll forget about whatever was undefined.

LaTeX Font Info:    External font `cmex10' loaded for size
(Font)              <7> on input line 32.
LaTeX Font Info:    External font `cmex10' loaded for size
(Font)              <5> on input line 32.
! Undefined control sequence.
l.35 \begin{flushright} \large
                              
The control sequence at the end of the top line
of your error message was never \def'ed. If you have
misspelled it (e.g., `\hobx'), type `I' and the correct
spelling (e.g., `I\hbox'). Otherwise just continue,
and I'll forget about whatever was undefined.

Missing character: There is no – in font cmti10!
Missing character: There is no ê in font cmti10!
Missing character: There is no – in font cmti10!
Missing character: There is no ≤ in font cmti10!
Missing character: There is no — in font cmti10!
Missing character: There is no Ç in font cmti10!
Missing character: There is no – in font cmti10!
Missing character: There is no æ in font cmti10!
Missing character: There is no — in font cmti10!
Missing character: There is no Ä in font cmti10!
Missing character: There is no – in font nullfont!
Missing character: There is no ú in font nullfont!
Missing character: There is no – in font nullfont!
Missing character: There is no ∞ in font nullfont!
Missing character: There is no — in font nullfont!
Missing character: There is no Å in font nullfont!
Missing character: There is no – in font nullfont!
Missing character: There is no ª in font nullfont!
Missing character: There is no – in font nullfont!
Missing character: There is no æ in font nullfont!
Missing character: There is no – in font nullfont!
Missing character: There is no ≤ in font nullfont!
Missing character: There is no – in font nullfont!
Missing character: There is no ù in font nullfont!
Missing character: There is no – in font nullfont!
Missing character: There is no ∏ in font nullfont!
Missing character: There is no – in font nullfont!
Missing character: There is no ∫ in font nullfont!
Missing character: There is no – in font nullfont!
Missing character: There is no ∏ in font nullfont!
Missing character: There is no — in font nullfont!
Missing character: There is no Ç in font nullfont!
Missing character: There is no – in font nullfont!
Missing character: There is no ∞ in font nullfont!
Missing character: There is no – in font nullfont!
Missing character: There is no ≥ in font nullfont!
Missing character: There is no — in font nullfont!
Missing character: There is no Ä in font nullfont!
Missing character: There is no — in font nullfont!
Missing character: There is no É in font nullfont!
Missing character: There is no – in font nullfont!
Missing character: There is no ø in font nullfont!
Missing character: There is no – in font nullfont!
Missing character: There is no ø in font nullfont!
Missing character: There is no – in font nullfont!
Missing character: There is no ∞ in font nullfont!
Missing character: There is no 2 in font nullfont!
Missing character: There is no 0 in font nullfont!
Missing character: There is no 5 in font nullfont!

Overfull \hbox (3276.74998pt too wide) in paragraph at lines 28--39
 []$[]$ 
 []


Overfull \hbox (3276.74998pt too wide) in paragraph at lines 28--39
 []$ 
 []

! Undefined control sequence.
l.49 {\large
             \today}\\[3cm] % Date, change the \today to a set date if you w...
The control sequence at the end of the top line
of your error message was never \def'ed. If you have
misspelled it (e.g., `\hobx'), type `I' and the correct
spelling (e.g., `I\hbox'). Otherwise just continue,
and I'll forget about whatever was undefined.

! Undefined control sequence.
l.49 {\large \today
                   }\\[3cm] % Date, change the \today to a set date if you w...
The control sequence at the end of the top line
of your error message was never \def'ed. If you have
misspelled it (e.g., `\hobx'), type `I' and the correct
spelling (e.g., `I\hbox'). Otherwise just continue,
and I'll forget about whatever was undefined.


! LaTeX Error: There's no line here to end.

See the LaTeX manual or LaTeX Companion for explanation.
Type  H <return>  for immediate help.
 ...                                              
                                                  
l.49 {\large \today}\\
                      [3cm] % Date, change the \today to a set date if you w...

Your command was ignored.
Type  I <command> <return>  to replace it with another command,
or  <return>  to continue without it.


! LaTeX Error: \begin{document} ended by \end{titlepage}.

See the LaTeX manual or LaTeX Companion for explanation.
Type  H <return>  for immediate help.
 ...                                              
                                                  
l.61 \end{titlepage}
                    
Your command was ignored.
Type  I <command> <return>  to replace it with another command,
or  <return>  to continue without it.

)
! Emergency stop.
<*> title_page_1.tex
                    
*** (job aborted, no legal \end found)

 
Here is how much of TeX's memory you used:
 18 strings out of 493105
 288 string characters out of 6137071
 53474 words of memory out of 5000000
 3580 multiletter control sequences out of 15000+600000
 4595 words of font info for 17 fonts, out of 8000000 for 9000
 1141 hyphenation exceptions out of 8191
 20i,3n,18p,190b,222s stack positions out of 5000i,500n,10000p,200000b,80000s
!  ==> Fatal error occurred, no output PDF file produced!
